d:\codings\c++\blocky\build\x64\release\blocky.ipdb
d:\codings\c++\blocky\build\x64\release\blocky.iobj
d:\codings\c++\blocky\build\x64\release\vc141.pdb
d:\codings\c++\blocky\build\x64\release\world.obj
d:\codings\c++\blocky\build\x64\release\texture.obj
d:\codings\c++\blocky\build\x64\release\structures.obj
d:\codings\c++\blocky\build\x64\release\shadow.obj
d:\codings\c++\blocky\build\x64\release\gltexture.obj
d:\codings\c++\blocky\build\x64\release\glshader.obj
d:\codings\c++\blocky\build\x64\release\noise.obj
d:\codings\c++\blocky\build\x64\release\gllighting.obj
d:\codings\c++\blocky\build\x64\release\main.obj
d:\codings\c++\blocky\build\x64\release\glframebuffer.obj
d:\codings\c++\blocky\build\x64\release\glcamera.obj
d:\codings\c++\blocky\build\x64\release\chunk.obj
d:\codings\c++\blocky\build\x64\release\player.obj
d:\codings\c++\blocky\build\x64\release\block.obj
d:\codings\c++\blocky\build\x64\release\blocky.exe
d:\codings\c++\blocky\build\x64\release\blocky.pdb
d:\codings\c++\blocky\build\x64\release\blocky.tlog\blocky.write.1u.tlog
d:\codings\c++\blocky\build\x64\release\blocky.tlog\cl.command.1.tlog
d:\codings\c++\blocky\build\x64\release\blocky.tlog\cl.read.1.tlog
d:\codings\c++\blocky\build\x64\release\blocky.tlog\cl.write.1.tlog
d:\codings\c++\blocky\build\x64\release\blocky.tlog\link.command.1.tlog
d:\codings\c++\blocky\build\x64\release\blocky.tlog\link.read.1.tlog
d:\codings\c++\blocky\build\x64\release\blocky.tlog\link.write.1.tlog
