d:\projects\blocky - opengl\build\x64\debug\vc141.pdb
d:\projects\blocky - opengl\build\x64\debug\vc141.idb
d:\projects\blocky - opengl\build\x64\debug\chunk.obj
d:\projects\blocky - opengl\build\x64\debug\camera.obj
d:\projects\blocky - opengl\build\x64\debug\debug.obj
d:\projects\blocky - opengl\build\x64\debug\framebuffer.obj
d:\projects\blocky - opengl\build\x64\debug\blocky.obj
d:\projects\blocky - opengl\build\x64\debug\lighting.obj
d:\projects\blocky - opengl\build\x64\debug\mesh.obj
d:\projects\blocky - opengl\build\x64\debug\noise.obj
d:\projects\blocky - opengl\build\x64\debug\shader.obj
d:\projects\blocky - opengl\build\x64\debug\texture.obj
d:\projects\blocky - opengl\build\x64\debug\blocky.exe
d:\projects\blocky - opengl\build\x64\debug\blocky.pdb
d:\projects\blocky - opengl\build\x64\debug\blocky.tlog\cl.command.1.tlog
d:\projects\blocky - opengl\build\x64\debug\blocky.tlog\cl.read.1.tlog
d:\projects\blocky - opengl\build\x64\debug\blocky.tlog\cl.write.1.tlog
d:\projects\blocky - opengl\build\x64\debug\blocky.tlog\link.command.1.tlog
d:\projects\blocky - opengl\build\x64\debug\blocky.tlog\link.read.1.tlog
d:\projects\blocky - opengl\build\x64\debug\blocky.tlog\link.write.1.tlog
